        -:    0:Source:test.c
        -:    0:Graph:test.gcno
        -:    0:Data:test.gcda
        -:    0:Runs:1
        -:    1:#include <stdio.h>
        -:    2:#include <unistd.h>
        -:    3:#include <time.h>
        -:    4:
function current_time called 2 returned 100% blocks executed 100%
        2:    5:long current_time()
        -:    6:{
        -:    7:    struct timespec x;
        2:    8:    clock_gettime(CLOCK_MONOTONIC, &x);
call    0 returned 100%
        2:    9:    return (long) (x.tv_sec * 1000000 + x.tv_nsec/1000);
        -:   10:}
        -:   11:
function main called 1 returned 100% blocks executed 100%
        1:   12:int main(void)
        -:   13:{
        1:   14:	long start = current_time();
call    0 returned 100%
        1:   15:	int index = 0;
        1:   16:	FILE *fd = fopen("/dev/shm/smv92.mem","r+b");
call    0 returned 100%
        1:   17:	setvbuf(fd, NULL, _IONBF, 0);
call    0 returned 100%
        1:   18:	fseek(fd, 4,0);
call    0 returned 100%
        1:   19:	fread((char *)&index,4,1,fd);
call    0 returned 100%
        1:   20:	printf("max: %i\n", index);
call    0 returned 100%
        1:   21:	int i = 0;
   100001:   22:	while(i++ < 100000)
branch  0 taken 100%
branch  1 taken 1% (fallthrough)
        -:   23:	{
   100000:   24:		fseek(fd, 8,0);
call    0 returned 100%
   100000:   25:		fread((char *)&index,4,1,fd);
call    0 returned 100%
        -:   26:		//printf("index: %i, i=%i\n", index,i);
   100000:   27:		usleep(1);
call    0 returned 100%
        -:   28:	}
        1:   29:        long stop = current_time();
call    0 returned 100%
        1:   30:        printf("time: %li\n", stop-start);
call    0 returned 100%
        1:   31:	return 0;
        -:   32:}
        -:   33:
